 ⨯ [Error: Cannot find module '../../../../chunks/ssr/[turbopack]_runtime.js'
Require stack:
- C:\Users\Chen\Desktop\blog\.next\server\app\(site)\posts\[slug]\page.js
- C:\Users\Chen\Desktop\blog\node_modules\.pnpm\next@15.5.14_@babel+core@7._7f522b53c21616d048ce4f84b5053dd3\node_modules\next\dist\server\require.js
- C:\Users\Chen\Desktop\blog\node_modules\.pnpm\next@15.5.14_@babel+core@7._7f522b53c21616d048ce4f84b5053dd3\node_modules\next\dist\server\load-components.js
- C:\Users\Chen\Desktop\blog\node_modules\.pnpm\next@15.5.14_@babel+core@7._7f522b53c21616d048ce4f84b5053dd3\node_modules\next\dist\build\utils.js
- C:\Users\Chen\Desktop\blog\node_modules\.pnpm\next@15.5.14_@babel+core@7._7f522b53c21616d048ce4f84b5053dd3\node_modules\next\dist\build\swc\options.js
- C:\Users\Chen\Desktop\blog\node_modules\.pnpm\next@15.5.14_@babel+core@7._7f522b53c21616d048ce4f84b5053dd3\node_modules\next\dist\build\swc\index.js
- C:\Users\Chen\Desktop\blog\node_modules\.pnpm\next@15.5.14_@babel+core@7._7f522b53c21616d048ce4f84b5053dd3\node_modules\next\dist\build\next-config-ts\transpile-config.js
- C:\Users\Chen\Desktop\blog\node_modules\.pnpm\next@15.5.14_@babel+core@7._7f522b53c21616d048ce4f84b5053dd3\node_modules\next\dist\server\config.js
- C:\Users\Chen\Desktop\blog\node_modules\.pnpm\next@15.5.14_@babel+core@7._7f522b53c21616d048ce4f84b5053dd3\node_modules\next\dist\cli\next-test.js
- C:\Users\Chen\Desktop\blog\node_modules\.pnpm\next@15.5.14_@babel+core@7._7f522b53c21616d048ce4f84b5053dd3\node_modules\next\dist\bin\next] {
  code: 'MODULE_NOT_FOUND',
  requireStack: [Array]
}
 ⨯ [Error: Cannot find module '../../../../chunks/ssr/[turbopack]_runtime.js'
Require stack:
- C:\Users\Chen\Desktop\blog\.next\server\app\(site)\posts\[slug]\page.js
- C:\Users\Chen\Desktop\blog\node_modules\.pnpm\next@15.5.14_@babel+core@7._7f522b53c21616d048ce4f84b5053dd3\node_modules\next\dist\server\require.js
- C:\Users\Chen\Desktop\blog\node_modules\.pnpm\next@15.5.14_@babel+core@7._7f522b53c21616d048ce4f84b5053dd3\node_modules\next\dist\server\load-components.js
- C:\Users\Chen\Desktop\blog\node_modules\.pnpm\next@15.5.14_@babel+core@7._7f522b53c21616d048ce4f84b5053dd3\node_modules\next\dist\build\utils.js
- C:\Users\Chen\Desktop\blog\node_modules\.pnpm\next@15.5.14_@babel+core@7._7f522b53c21616d048ce4f84b5053dd3\node_modules\next\dist\build\swc\options.js
- C:\Users\Chen\Desktop\blog\node_modules\.pnpm\next@15.5.14_@babel+core@7._7f522b53c21616d048ce4f84b5053dd3\node_modules\next\dist\build\swc\index.js
- C:\Users\Chen\Desktop\blog\node_modules\.pnpm\next@15.5.14_@babel+core@7._7f522b53c21616d048ce4f84b5053dd3\node_modules\next\dist\build\next-config-ts\transpile-config.js
- C:\Users\Chen\Desktop\blog\node_modules\.pnpm\next@15.5.14_@babel+core@7._7f522b53c21616d048ce4f84b5053dd3\node_modules\next\dist\server\config.js
- C:\Users\Chen\Desktop\blog\node_modules\.pnpm\next@15.5.14_@babel+core@7._7f522b53c21616d048ce4f84b5053dd3\node_modules\next\dist\cli\next-test.js
- C:\Users\Chen\Desktop\blog\node_modules\.pnpm\next@15.5.14_@babel+core@7._7f522b53c21616d048ce4f84b5053dd3\node_modules\next\dist\bin\next] {
  code: 'MODULE_NOT_FOUND',
  requireStack: [Array]
}
 ⨯ [Error: Cannot find module '../../../../chunks/ssr/[turbopack]_runtime.js'
Require stack:
- C:\Users\Chen\Desktop\blog\.next\server\app\(site)\posts\[slug]\page.js
- C:\Users\Chen\Desktop\blog\node_modules\.pnpm\next@15.5.14_@babel+core@7._7f522b53c21616d048ce4f84b5053dd3\node_modules\next\dist\server\require.js
- C:\Users\Chen\Desktop\blog\node_modules\.pnpm\next@15.5.14_@babel+core@7._7f522b53c21616d048ce4f84b5053dd3\node_modules\next\dist\server\load-components.js
- C:\Users\Chen\Desktop\blog\node_modules\.pnpm\next@15.5.14_@babel+core@7._7f522b53c21616d048ce4f84b5053dd3\node_modules\next\dist\build\utils.js
- C:\Users\Chen\Desktop\blog\node_modules\.pnpm\next@15.5.14_@babel+core@7._7f522b53c21616d048ce4f84b5053dd3\node_modules\next\dist\build\swc\options.js
- C:\Users\Chen\Desktop\blog\node_modules\.pnpm\next@15.5.14_@babel+core@7._7f522b53c21616d048ce4f84b5053dd3\node_modules\next\dist\build\swc\index.js
- C:\Users\Chen\Desktop\blog\node_modules\.pnpm\next@15.5.14_@babel+core@7._7f522b53c21616d048ce4f84b5053dd3\node_modules\next\dist\build\next-config-ts\transpile-config.js
- C:\Users\Chen\Desktop\blog\node_modules\.pnpm\next@15.5.14_@babel+core@7._7f522b53c21616d048ce4f84b5053dd3\node_modules\next\dist\server\config.js
- C:\Users\Chen\Desktop\blog\node_modules\.pnpm\next@15.5.14_@babel+core@7._7f522b53c21616d048ce4f84b5053dd3\node_modules\next\dist\cli\next-test.js
- C:\Users\Chen\Desktop\blog\node_modules\.pnpm\next@15.5.14_@babel+core@7._7f522b53c21616d048ce4f84b5053dd3\node_modules\next\dist\bin\next] {
  code: 'MODULE_NOT_FOUND',
  requireStack: [Array]
}
